Copyright 1986-2015 Xilinx, Inc. All Rights Reserved.
------------------------------------------------------------------------------------
| Tool Version : Vivado v.2015.4 (win64) Build 1412921 Wed Nov 18 09:43:45 MST 2015
| Date         : Tue Apr 24 17:09:45 2018
| Host         : Asus running 64-bit major release  (build 9200)
| Command      : report_control_sets -verbose -file main_control_sets_placed.rpt
| Design       : main
| Device       : xc7a100t
------------------------------------------------------------------------------------

Control Set Information

Table of Contents
-----------------
1. Summary
2. Flip-Flop Distribution
3. Detailed Control Set Information

1. Summary
----------

+-------------------------------------------------------------------+-------+
|                               Status                              | Count |
+-------------------------------------------------------------------+-------+
| Number of unique control sets                                     |   153 |
| Minimum Number of register sites lost to control set restrictions |   136 |
+-------------------------------------------------------------------+-------+


2. Flip-Flop Distribution
-------------------------

+--------------+-----------------------+------------------------+-----------------+--------------+
| Clock Enable | Synchronous Set/Reset | Asynchronous Set/Reset | Total Registers | Total Slices |
+--------------+-----------------------+------------------------+-----------------+--------------+
| No           | No                    | No                     |              16 |           10 |
| No           | No                    | Yes                    |             289 |          122 |
| No           | Yes                   | No                     |               0 |            0 |
| Yes          | No                    | No                     |            5614 |         2510 |
| Yes          | No                    | Yes                    |            3244 |          912 |
| Yes          | Yes                   | No                     |             405 |          104 |
+--------------+-----------------------+------------------------+-----------------+--------------+


3. Detailed Control Set Information
-----------------------------------

+--------------------+-------------------------------------------------------------------------------------------------------+---------------------------------------------------------------------------------------------------------------------------------------------------------------------+------------------+----------------+
|    Clock Signal    |                                             Enable Signal                                             |                                                                           Set/Reset Signal                                                                          | Slice Load Count | Bel Load Count |
+--------------------+-------------------------------------------------------------------------------------------------------+---------------------------------------------------------------------------------------------------------------------------------------------------------------------+------------------+----------------+
|  clk_out_OBUF_BUFG |                                                                                                       | FIFO/U0/inst_fifo_gen/gconvfifo.rf/grf.rf/rstblk/rst_rd_reg2                                                                                                        |                1 |              1 |
|  wr_clk_BUFG       |                                                                                                       | FIFO/U0/inst_fifo_gen/gconvfifo.rf/grf.rf/rstblk/rst_d2                                                                                                             |                1 |              1 |
|  clk_out_OBUF_BUFG |                                                                                                       | FIFO/U0/inst_fifo_gen/gconvfifo.rf/grf.rf/rstblk/gc0.count_reg[0][2]                                                                                                |                1 |              1 |
|  wr_clk_BUFG       |                                                                                                       | FIFO/U0/inst_fifo_gen/gconvfifo.rf/grf.rf/rstblk/rst_wr_reg2                                                                                                        |                1 |              1 |
|  wr_clk_BUFG       |                                                                                                       | FIFO/U0/inst_fifo_gen/gconvfifo.rf/grf.rf/rstblk/ngwrdrst.grst.g7serrst.wr_rst_reg[1]_i_1_n_0                                                                       |                1 |              2 |
|  clk_IBUF_BUFG     | UUT/calc_i/floating_point_0/U0/i_synth/need_combiner.use_3to1_fma.skid_buffer_combiner/reg1_a_tdata   |                                                                                                                                                                     |                1 |              2 |
|  wr_clk_BUFG       |                                                                                                       |                                                                                                                                                                     |                1 |              2 |
|  clk_out_OBUF_BUFG |                                                                                                       | reset_IBUF                                                                                                                                                          |                1 |              2 |
|  clk_out_OBUF_BUFG |                                                                                                       | FIFO/U0/inst_fifo_gen/gconvfifo.rf/grf.rf/rstblk/ngwrdrst.grst.g7serrst.rd_rst_reg[2]_i_1_n_0                                                                       |                1 |              3 |
|  clk_IBUF_BUFG     | aclken3                                                                                               | UUT/calc_i/floating_point_2/U0/i_synth/FMA_OP.OP/addsub/add/ALIGN_BLK/aligner.ALIGN_SHIFT/ALIGN_SHIFT/MUX_LOOP[1].DEL_SHIFT/i_pipe/opt_has_pipe.first_q[45]_i_1_n_0 |                1 |              4 |
|  clk_IBUF_BUFG     | aclken3                                                                                               | UUT/calc_i/floating_point_2/U0/i_synth/FMA_OP.OP/addsub/add/ALIGN_BLK/aligner.ALIGN_SHIFT/ALIGN_SHIFT/MUX_LOOP[1].DEL_SHIFT/i_pipe/opt_has_pipe.first_q[49]_i_1_n_0 |                1 |              4 |
|  clk_IBUF_BUFG     | aclken3                                                                                               | UUT/calc_i/floating_point_0/U0/i_synth/FMA_OP.OP/addsub/add/ALIGN_BLK/aligner.ALIGN_SHIFT/ALIGN_SHIFT/MUX_LOOP[1].DEL_SHIFT/i_pipe/opt_has_pipe.first_q[49]_i_1_n_0 |                2 |              4 |
|  clk_IBUF_BUFG     | aclken3                                                                                               | UUT/calc_i/floating_point_0/U0/i_synth/FMA_OP.OP/addsub/add/ALIGN_BLK/aligner.ALIGN_SHIFT/ALIGN_SHIFT/MUX_LOOP[1].DEL_SHIFT/i_pipe/opt_has_pipe.first_q[45]_i_1_n_0 |                1 |              4 |
|  clk_out_OBUF_BUFG |                                                                                                       |                                                                                                                                                                     |                2 |              4 |
|  clk_IBUF_BUFG     | aclken3                                                                                               | UUT/calc_i/floating_point_1/U0/i_synth/ADDSUB_OP.ADDSUB/SPEED_OP.DSP.OP/DSP48E1_BODY.ALIGN_ADD/SHIFT_DELAY/i_pipe/opt_has_pipe.first_q[15]_i_1_n_0                  |                2 |              8 |
|  clk_IBUF_BUFG     | aclken3                                                                                               | UUT/calc_i/floating_point_1/U0/i_synth/ADDSUB_OP.ADDSUB/SPEED_OP.DSP.OP/DSP48E1_BODY.EXP/BMA_EXP_DELAY/i_pipe/opt_has_pipe.first_q_reg[0]_0                         |                2 |              8 |
|  clk_IBUF_BUFG     | aclken3                                                                                               | UUT/calc_i/floating_point_1/U0/i_synth/ADDSUB_OP.ADDSUB/SPEED_OP.DSP.OP/DSP48E1_BODY.EXP/DEC_STATE_PRE_OP_DELAY/i_pipe/RESULT_REG.NORMAL.exp_op_reg[7][0]           |                1 |              8 |
|  clk_IBUF_BUFG     | aclken3                                                                                               | UUT/calc_i/floating_point_0/U0/i_synth/FMA_OP.OP/addsub/add/NORM/LZE/ENCODE[0].MUX_Z/OP_DEL/i_pipe/opt_has_pipe.first_q_reg[50]_0                                   |                3 |              8 |
|  clk_IBUF_BUFG     | aclken3                                                                                               | UUT/calc_i/floating_point_2/U0/i_synth/FMA_OP.OP/addsub/add/NORM/LZE/ENCODE[0].MUX_Z/OP_DEL/i_pipe/opt_has_pipe.first_q_reg[50]_0                                   |                4 |              8 |
|  clk_IBUF_BUFG     |                                                                                                       |                                                                                                                                                                     |                7 |             10 |
|  clk_IBUF_BUFG     | aclken3                                                                                               | UUT/calc_i/floating_point_0/U0/i_synth/FMA_OP.OP/addsub/add/ALIGN_BLK/ABS_DELAY/i_pipe/opt_has_pipe.first_q_reg[12]                                                 |                5 |             12 |
|  clk_IBUF_BUFG     | aclken3                                                                                               | UUT/calc_i/floating_point_2/U0/i_synth/FMA_OP.OP/addsub/add/ALIGN_BLK/ABS_DELAY/i_pipe/opt_has_pipe.first_q_reg[12]                                                 |                5 |             12 |
|  clk_IBUF_BUFG     | aclken3                                                                                               | UUT/calc_i/floating_point_1/U0/i_synth/ADDSUB_OP.ADDSUB/SPEED_OP.DSP.OP/DSP48E1_BODY.NORM_RND/FULL_USAGE_DSP.LOD/NORM_DELAY/i_pipe/opt_has_pipe.first_q[15]_i_1_n_0 |                2 |             15 |
|  clk_IBUF_BUFG     | aclken3                                                                                               | UUT/calc_i/floating_point_0/U0/i_synth/FMA_OP.OP/addsub/add/ALIGN_BLK/aligner.ALIGN_SHIFT/ALIGN_SHIFT/MUX_LOOP[0].DEL_SHIFT/i_pipe/opt_has_pipe.first_q[33]_i_1_n_0 |                5 |             16 |
|  clk_IBUF_BUFG     | aclken3                                                                                               | UUT/calc_i/floating_point_0/U0/i_synth/FMA_OP.OP/addsub/add/ALIGN_BLK/aligner.ALIGN_SHIFT/ALIGN_SHIFT/MUX_LOOP[0].DEL_SHIFT/i_pipe/opt_has_pipe.first_q[49]_i_1_n_0 |                2 |             16 |
|  clk_IBUF_BUFG     | aclken3                                                                                               | UUT/calc_i/floating_point_1/U0/i_synth/sclr_i                                                                                                                       |                4 |             16 |
|  clk_IBUF_BUFG     | aclken3                                                                                               | UUT/calc_i/floating_point_2/U0/i_synth/FMA_OP.OP/addsub/add/ALIGN_BLK/aligner.ALIGN_SHIFT/ALIGN_SHIFT/MUX_LOOP[0].DEL_SHIFT/i_pipe/opt_has_pipe.first_q[33]_i_1_n_0 |                6 |             16 |
|  clk_IBUF_BUFG     | aclken3                                                                                               | UUT/calc_i/floating_point_2/U0/i_synth/FMA_OP.OP/addsub/add/ALIGN_BLK/aligner.ALIGN_SHIFT/ALIGN_SHIFT/MUX_LOOP[0].DEL_SHIFT/i_pipe/opt_has_pipe.first_q[49]_i_1_n_0 |                2 |             16 |
|  clk_IBUF_BUFG     | UUT/calc_i/floating_point_2/U0/i_synth/need_combiner.use_3to1_fma.skid_buffer_combiner/reg1_a_tdata   |                                                                                                                                                                     |                6 |             21 |
|  clk_IBUF_BUFG     | aclken3                                                                                               | UUT/calc_i/floating_point_0/U0/i_synth/FMA_OP.OP/addsub/add/EXP/conv_exp.downsize_exp/STATE_DELAY/i_pipe/SR[0]                                                      |                4 |             22 |
|  clk_IBUF_BUFG     | aclken3                                                                                               | UUT/calc_i/floating_point_1/U0/i_synth/ADDSUB_OP.ADDSUB/SPEED_OP.DSP.OP/DSP48E1_BODY.EXP/DEC_STATE_PRE_OP_DELAY/i_pipe/SR[0]                                        |                4 |             22 |
|  clk_IBUF_BUFG     | aclken3                                                                                               | UUT/calc_i/floating_point_2/U0/i_synth/FMA_OP.OP/addsub/add/EXP/conv_exp.downsize_exp/STATE_DELAY/i_pipe/SR[0]                                                      |                5 |             22 |
|  clk_IBUF_BUFG     | aclken3                                                                                               | UUT/calc_i/floating_point_2/U0/i_synth/FMA_OP.OP/addsub/add/EXP/A_ZERO_DELAY/i_pipe/opt_has_pipe.first_q_reg[2]_0                                                   |               13 |             24 |
|  clk_IBUF_BUFG     | aclken3                                                                                               | UUT/calc_i/floating_point_0/U0/i_synth/FMA_OP.OP/addsub/add/EXP/A_ZERO_DELAY/i_pipe/opt_has_pipe.first_q_reg[2]_0                                                   |                8 |             24 |
|  clk_IBUF_BUFG     | aclken3                                                                                               | UUT/calc_i/floating_point_2/U0/i_synth/sclr_i                                                                                                                       |                6 |             26 |
|  clk_IBUF_BUFG     | aclken3                                                                                               | UUT/calc_i/floating_point_0/U0/i_synth/sclr_i                                                                                                                       |                5 |             26 |
|  wr_clk_BUFG       | Temp[89][31]_i_1_n_0                                                                                  |                                                                                                                                                                     |               18 |             32 |
|  clk_IBUF_BUFG     | UUT/calc_i/floating_point_0/U0/i_synth/need_combiner.use_3to1_fma.skid_buffer_combiner/reg1_c_tdata   |                                                                                                                                                                     |                6 |             32 |
|  clk_IBUF_BUFG     | UUT/calc_i/floating_point_0/U0/i_synth/need_combiner.use_3to1_fma.skid_buffer_combiner/reg1_b_tdata_0 |                                                                                                                                                                     |                9 |             32 |
|  clk_IBUF_BUFG     | UUT/calc_i/floating_point_1/U0/i_synth/need_combiner.use_2to1.skid_buffer_combiner/reg1_a_tdata       |                                                                                                                                                                     |                9 |             32 |
|  clk_IBUF_BUFG     | UUT/calc_i/floating_point_1/U0/i_synth/need_combiner.use_2to1.skid_buffer_combiner/reg1_b_tdata       |                                                                                                                                                                     |                8 |             32 |
|  clk_IBUF_BUFG     | UUT/calc_i/floating_point_2/U0/i_synth/need_combiner.use_3to1_fma.skid_buffer_combiner/reg1_b_tdata_0 |                                                                                                                                                                     |                6 |             32 |
|  clk_IBUF_BUFG     | UUT/calc_i/floating_point_2/U0/i_synth/need_combiner.use_3to1_fma.skid_buffer_combiner/reg1_c_tdata   |                                                                                                                                                                     |               10 |             32 |
|  wr_clk_BUFG       | Temp[8][31]_i_1_n_0                                                                                   |                                                                                                                                                                     |               18 |             32 |
|  wr_clk_BUFG       | Temp[90][31]_i_1_n_0                                                                                  |                                                                                                                                                                     |               17 |             32 |
|  wr_clk_BUFG       | Temp[91][31]_i_1_n_0                                                                                  |                                                                                                                                                                     |               21 |             32 |
|  wr_clk_BUFG       | Temp[92][31]_i_1_n_0                                                                                  |                                                                                                                                                                     |               13 |             32 |
|  clk_IBUF_BUFG     | aclken3                                                                                               | UUT/calc_i/floating_point_0/U0/i_synth/FMA_OP.OP/addsub/add/NORM/LZE/ZERO_DET_CC_1/opt_has_pipe.first_q_reg[50]_0                                                   |                6 |             32 |
|  clk_IBUF_BUFG     | aclken3                                                                                               | UUT/calc_i/floating_point_2/U0/i_synth/FMA_OP.OP/addsub/add/NORM/LZE/ZERO_DET_CC_1/opt_has_pipe.first_q_reg[50]_0                                                   |                5 |             32 |
|  wr_clk_BUFG       | Temp[93][31]_i_1_n_0                                                                                  |                                                                                                                                                                     |               15 |             32 |
|  wr_clk_BUFG       | Temp[94][31]_i_1_n_0                                                                                  |                                                                                                                                                                     |               16 |             32 |
|  wr_clk_BUFG       | Temp[95][31]_i_1_n_0                                                                                  |                                                                                                                                                                     |               15 |             32 |
|  wr_clk_BUFG       | Temp[96][31]_i_1_n_0                                                                                  |                                                                                                                                                                     |               16 |             32 |
|  wr_clk_BUFG       | Temp[97][31]_i_1_n_0                                                                                  |                                                                                                                                                                     |               12 |             32 |
|  wr_clk_BUFG       | Temp[9][31]_i_1_n_0                                                                                   |                                                                                                                                                                     |               21 |             32 |
|  wr_clk_BUFG       | Temp[0][31]_i_1_n_0                                                                                   |                                                                                                                                                                     |                9 |             32 |
|  wr_clk_BUFG       | Temp[10][31]_i_1_n_0                                                                                  |                                                                                                                                                                     |               19 |             32 |
|  wr_clk_BUFG       | Temp[11][31]_i_1_n_0                                                                                  |                                                                                                                                                                     |               15 |             32 |
|  wr_clk_BUFG       | Temp[12][31]_i_1_n_0                                                                                  |                                                                                                                                                                     |               20 |             32 |
|  wr_clk_BUFG       | Temp[13][31]_i_1_n_0                                                                                  |                                                                                                                                                                     |               15 |             32 |
|  wr_clk_BUFG       | Temp[14][31]_i_1_n_0                                                                                  |                                                                                                                                                                     |               22 |             32 |
|  wr_clk_BUFG       | Temp[15][31]_i_1_n_0                                                                                  |                                                                                                                                                                     |               16 |             32 |
|  wr_clk_BUFG       | Temp[16][31]_i_1_n_0                                                                                  |                                                                                                                                                                     |               21 |             32 |
|  wr_clk_BUFG       | Temp[17][31]_i_1_n_0                                                                                  |                                                                                                                                                                     |               22 |             32 |
|  wr_clk_BUFG       | Temp[18][31]_i_1_n_0                                                                                  |                                                                                                                                                                     |               25 |             32 |
|  wr_clk_BUFG       | Temp[19][31]_i_1_n_0                                                                                  |                                                                                                                                                                     |               21 |             32 |
|  wr_clk_BUFG       | Temp[1][31]_i_1_n_0                                                                                   |                                                                                                                                                                     |               11 |             32 |
|  wr_clk_BUFG       | Temp[20][31]_i_1_n_0                                                                                  |                                                                                                                                                                     |               18 |             32 |
|  wr_clk_BUFG       | Temp[21][31]_i_1_n_0                                                                                  |                                                                                                                                                                     |               23 |             32 |
|  wr_clk_BUFG       | Temp[22][31]_i_1_n_0                                                                                  |                                                                                                                                                                     |               19 |             32 |
|  wr_clk_BUFG       | Temp[23][31]_i_1_n_0                                                                                  |                                                                                                                                                                     |               24 |             32 |
|  wr_clk_BUFG       | Temp[24][31]_i_1_n_0                                                                                  |                                                                                                                                                                     |               22 |             32 |
|  wr_clk_BUFG       | Temp[25][31]_i_1_n_0                                                                                  |                                                                                                                                                                     |               22 |             32 |
|  wr_clk_BUFG       | Temp[26][31]_i_1_n_0                                                                                  |                                                                                                                                                                     |               22 |             32 |
|  wr_clk_BUFG       | Temp[27][31]_i_1_n_0                                                                                  |                                                                                                                                                                     |               19 |             32 |
|  wr_clk_BUFG       | Temp[28][31]_i_1_n_0                                                                                  |                                                                                                                                                                     |               24 |             32 |
|  wr_clk_BUFG       | Temp[29][31]_i_1_n_0                                                                                  |                                                                                                                                                                     |               24 |             32 |
|  wr_clk_BUFG       | Temp[2][31]_i_1_n_0                                                                                   |                                                                                                                                                                     |                9 |             32 |
|  wr_clk_BUFG       | Temp[30][31]_i_1_n_0                                                                                  |                                                                                                                                                                     |               22 |             32 |
|  wr_clk_BUFG       | Temp[31][31]_i_1_n_0                                                                                  |                                                                                                                                                                     |               22 |             32 |
|  wr_clk_BUFG       | Temp[32][31]_i_1_n_0                                                                                  |                                                                                                                                                                     |               23 |             32 |
|  wr_clk_BUFG       | Temp[33][31]_i_1_n_0                                                                                  |                                                                                                                                                                     |               24 |             32 |
|  wr_clk_BUFG       | Temp[34][31]_i_1_n_0                                                                                  |                                                                                                                                                                     |               22 |             32 |
|  wr_clk_BUFG       | Temp[35][31]_i_1_n_0                                                                                  |                                                                                                                                                                     |               26 |             32 |
|  wr_clk_BUFG       | Temp[36][31]_i_1_n_0                                                                                  |                                                                                                                                                                     |               25 |             32 |
|  wr_clk_BUFG       | Temp[37][31]_i_1_n_0                                                                                  |                                                                                                                                                                     |               24 |             32 |
|  wr_clk_BUFG       | Temp[38][31]_i_1_n_0                                                                                  |                                                                                                                                                                     |               26 |             32 |
|  wr_clk_BUFG       | Temp[39][31]_i_1_n_0                                                                                  |                                                                                                                                                                     |               19 |             32 |
|  wr_clk_BUFG       | Temp[3][31]_i_1_n_0                                                                                   |                                                                                                                                                                     |               21 |             32 |
|  wr_clk_BUFG       | Temp[40][31]_i_1_n_0                                                                                  |                                                                                                                                                                     |               23 |             32 |
|  wr_clk_BUFG       | Temp[41][31]_i_1_n_0                                                                                  |                                                                                                                                                                     |               26 |             32 |
|  wr_clk_BUFG       | Temp[42][31]_i_1_n_0                                                                                  |                                                                                                                                                                     |               24 |             32 |
|  wr_clk_BUFG       | Temp[43][31]_i_1_n_0                                                                                  |                                                                                                                                                                     |               21 |             32 |
|  wr_clk_BUFG       | Temp[44][31]_i_1_n_0                                                                                  |                                                                                                                                                                     |               23 |             32 |
|  wr_clk_BUFG       | Temp[45][31]_i_1_n_0                                                                                  |                                                                                                                                                                     |               24 |             32 |
|  wr_clk_BUFG       | Temp[46][31]_i_1_n_0                                                                                  |                                                                                                                                                                     |               21 |             32 |
|  wr_clk_BUFG       | Temp[47][31]_i_1_n_0                                                                                  |                                                                                                                                                                     |               27 |             32 |
|  wr_clk_BUFG       | Temp[48][31]_i_1_n_0                                                                                  |                                                                                                                                                                     |               25 |             32 |
|  wr_clk_BUFG       | Temp[49][31]_i_1_n_0                                                                                  |                                                                                                                                                                     |               19 |             32 |
|  wr_clk_BUFG       | Temp[4][31]_i_1_n_0                                                                                   |                                                                                                                                                                     |               16 |             32 |
|  wr_clk_BUFG       | Temp[50][31]_i_1_n_0                                                                                  |                                                                                                                                                                     |               24 |             32 |
|  wr_clk_BUFG       | Temp[51][31]_i_1_n_0                                                                                  |                                                                                                                                                                     |               24 |             32 |
|  wr_clk_BUFG       | Temp[52][31]_i_1_n_0                                                                                  |                                                                                                                                                                     |               24 |             32 |
|  wr_clk_BUFG       | Temp[53][31]_i_1_n_0                                                                                  |                                                                                                                                                                     |               21 |             32 |
|  wr_clk_BUFG       | Temp[54][31]_i_1_n_0                                                                                  |                                                                                                                                                                     |               26 |             32 |
|  wr_clk_BUFG       | Temp[55][31]_i_1_n_0                                                                                  |                                                                                                                                                                     |               25 |             32 |
|  wr_clk_BUFG       | Temp[56][31]_i_1_n_0                                                                                  |                                                                                                                                                                     |               23 |             32 |
|  wr_clk_BUFG       | Temp[57][31]_i_1_n_0                                                                                  |                                                                                                                                                                     |               22 |             32 |
|  wr_clk_BUFG       | Temp[58][31]_i_1_n_0                                                                                  |                                                                                                                                                                     |               21 |             32 |
|  wr_clk_BUFG       | Temp[59][31]_i_1_n_0                                                                                  |                                                                                                                                                                     |               22 |             32 |
|  wr_clk_BUFG       | Temp[5][31]_i_1_n_0                                                                                   |                                                                                                                                                                     |               20 |             32 |
|  wr_clk_BUFG       | Temp[60][31]_i_1_n_0                                                                                  |                                                                                                                                                                     |               20 |             32 |
|  wr_clk_BUFG       | Temp[61][31]_i_1_n_0                                                                                  |                                                                                                                                                                     |               20 |             32 |
|  wr_clk_BUFG       | Temp[62][31]_i_1_n_0                                                                                  |                                                                                                                                                                     |               17 |             32 |
|  wr_clk_BUFG       | Temp[63][31]_i_1_n_0                                                                                  |                                                                                                                                                                     |               18 |             32 |
|  wr_clk_BUFG       | Temp[64][31]_i_1_n_0                                                                                  |                                                                                                                                                                     |               17 |             32 |
|  wr_clk_BUFG       | Temp[65][31]_i_1_n_0                                                                                  |                                                                                                                                                                     |               19 |             32 |
|  wr_clk_BUFG       | Temp[66][31]_i_1_n_0                                                                                  |                                                                                                                                                                     |               20 |             32 |
|  wr_clk_BUFG       | Temp[67][31]_i_1_n_0                                                                                  |                                                                                                                                                                     |               14 |             32 |
|  wr_clk_BUFG       | Temp[68][31]_i_1_n_0                                                                                  |                                                                                                                                                                     |               20 |             32 |
|  wr_clk_BUFG       | Temp[69][31]_i_1_n_0                                                                                  |                                                                                                                                                                     |               19 |             32 |
|  wr_clk_BUFG       | Temp[6][31]_i_1_n_0                                                                                   |                                                                                                                                                                     |               18 |             32 |
|  wr_clk_BUFG       | Temp[70][31]_i_1_n_0                                                                                  |                                                                                                                                                                     |               18 |             32 |
|  wr_clk_BUFG       | Temp[71][31]_i_1_n_0                                                                                  |                                                                                                                                                                     |               20 |             32 |
|  wr_clk_BUFG       | Temp[72][31]_i_1_n_0                                                                                  |                                                                                                                                                                     |               17 |             32 |
|  wr_clk_BUFG       | Temp[73][31]_i_1_n_0                                                                                  |                                                                                                                                                                     |               15 |             32 |
|  wr_clk_BUFG       | Temp[74][31]_i_1_n_0                                                                                  |                                                                                                                                                                     |               20 |             32 |
|  wr_clk_BUFG       | Temp[75][31]_i_1_n_0                                                                                  |                                                                                                                                                                     |               17 |             32 |
|  wr_clk_BUFG       | Temp[76][31]_i_1_n_0                                                                                  |                                                                                                                                                                     |               17 |             32 |
|  wr_clk_BUFG       | Temp[77][31]_i_1_n_0                                                                                  |                                                                                                                                                                     |               20 |             32 |
|  wr_clk_BUFG       | Temp[78][31]_i_1_n_0                                                                                  |                                                                                                                                                                     |               15 |             32 |
|  wr_clk_BUFG       | Temp[79][31]_i_1_n_0                                                                                  |                                                                                                                                                                     |               10 |             32 |
|  wr_clk_BUFG       | Temp[7][31]_i_1_n_0                                                                                   |                                                                                                                                                                     |               21 |             32 |
|  wr_clk_BUFG       | Temp[80][31]_i_1_n_0                                                                                  |                                                                                                                                                                     |               21 |             32 |
|  wr_clk_BUFG       | Temp[81][31]_i_1_n_0                                                                                  |                                                                                                                                                                     |               15 |             32 |
|  wr_clk_BUFG       | Temp[82][31]_i_1_n_0                                                                                  |                                                                                                                                                                     |               13 |             32 |
|  wr_clk_BUFG       | Temp[83][31]_i_1_n_0                                                                                  |                                                                                                                                                                     |               18 |             32 |
|  wr_clk_BUFG       | Temp[84][31]_i_1_n_0                                                                                  |                                                                                                                                                                     |               18 |             32 |
|  wr_clk_BUFG       | Temp[85][31]_i_1_n_0                                                                                  |                                                                                                                                                                     |               15 |             32 |
|  wr_clk_BUFG       | Temp[86][31]_i_1_n_0                                                                                  |                                                                                                                                                                     |               14 |             32 |
|  wr_clk_BUFG       | Temp[87][31]_i_1_n_0                                                                                  |                                                                                                                                                                     |               13 |             32 |
|  wr_clk_BUFG       | Temp[88][31]_i_1_n_0                                                                                  |                                                                                                                                                                     |               14 |             32 |
|  clk_out_OBUF_BUFG | FIFO/U0/inst_fifo_gen/gconvfifo.rf/grf.rf/gntv_or_sync_fifo.gl0.rd/gras.rsts/E[0]                     | FIFO/U0/inst_fifo_gen/gconvfifo.rf/grf.rf/rstblk/gc0.count_reg[0][2]                                                                                                |               10 |             34 |
|  clk_IBUF_BUFG     |                                                                                                       | reset_IBUF                                                                                                                                                          |               11 |             37 |
|  wr_clk_BUFG       | FIFO/U0/inst_fifo_gen/gconvfifo.rf/grf.rf/gntv_or_sync_fifo.gl0.wr/gwas.wsts/sel                      | FIFO/U0/inst_fifo_gen/gconvfifo.rf/grf.rf/rstblk/Q[1]                                                                                                               |               10 |             42 |
|  clk_out_OBUF_BUFG |                                                                                                       | FIFO/U0/inst_fifo_gen/gconvfifo.rf/grf.rf/rstblk/gc0.count_reg[0][1]                                                                                                |               14 |             56 |
|  wr_clk_BUFG       |                                                                                                       | FIFO/U0/inst_fifo_gen/gconvfifo.rf/grf.rf/rstblk/Q[0]                                                                                                               |               13 |             56 |
|  clk_IBUF_BUFG     | UUT/E[0]                                                                                              |                                                                                                                                                                     |               15 |             64 |
|  clk_IBUF_BUFG     | UUT/E_reg[31][0]                                                                                      |                                                                                                                                                                     |               13 |             64 |
|  clk_IBUF_BUFG     | B[31]_i_1_n_0                                                                                         |                                                                                                                                                                     |               18 |             64 |
|  wr_clk_BUFG       |                                                                                                       | reset_IBUF                                                                                                                                                          |               77 |            129 |
|  clk_IBUF_BUFG     | aclken3                                                                                               |                                                                                                                                                                     |              530 |           2236 |
|  wr_clk_BUFG       | TempOld                                                                                               | reset_IBUF                                                                                                                                                          |              892 |           3168 |
+--------------------+-------------------------------------------------------------------------------------------------------+---------------------------------------------------------------------------------------------------------------------------------------------------------------------+------------------+----------------+


